Compiled jquery.js  (20ms)  (pid 47093)
Compiled jquery_ujs.js  (0ms)  (pid 47093)
Compiled welcome.js  (0ms)  (pid 47093)
Compiled application.js  (82ms)  (pid 47093)
Compiled application.css  (0ms)  (pid 47093)
Compiled jquery.js  (25ms)  (pid 47115)
Compiled jquery_ujs.js  (0ms)  (pid 47115)
Compiled welcome.js  (0ms)  (pid 47115)
Compiled application.js  (61ms)  (pid 47115)
Compiled application.css  (0ms)  (pid 47115)
Compiled jquery.js  (22ms)  (pid 47138)
Compiled jquery_ujs.js  (0ms)  (pid 47138)
Compiled welcome.js  (0ms)  (pid 47138)
Compiled application.js  (48ms)  (pid 47138)
Compiled application.css  (0ms)  (pid 47138)
Compiled jquery.js  (3ms)  (pid 47138)
Compiled jquery_ujs.js  (0ms)  (pid 47138)
Compiled welcome.js  (0ms)  (pid 47138)
Compiled application.js  (66ms)  (pid 47138)
Compiled application.css  (0ms)  (pid 47138)
Compiled jquery.js  (25ms)  (pid 3562)
Compiled jquery_ujs.js  (0ms)  (pid 3562)
Compiled contact.js  (808ms)  (pid 3562)
Compiled welcome.js  (0ms)  (pid 3562)
Compiled application.js  (903ms)  (pid 3562)
Compiled application.css  (0ms)  (pid 3562)
Compiled jquery.js  (18ms)  (pid 3562)
Compiled jquery_ujs.js  (0ms)  (pid 3562)
Compiled contact.js  (183ms)  (pid 3562)
Compiled welcome.js  (0ms)  (pid 3562)
Compiled application.js  (238ms)  (pid 3562)
Compiled application.css  (0ms)  (pid 3562)
Compiled jquery.js  (2ms)  (pid 7808)
Compiled jquery_ujs.js  (0ms)  (pid 7808)
Compiled album.js  (0ms)  (pid 7808)
Compiled contact.js  (349ms)  (pid 7808)
Compiled welcome.js  (0ms)  (pid 7808)
Compiled application.js  (446ms)  (pid 7808)
Compiled jquery.js  (2ms)  (pid 7848)
Compiled jquery_ujs.js  (0ms)  (pid 7848)
Compiled album.js  (0ms)  (pid 7848)
Compiled contact.js  (187ms)  (pid 7848)
Compiled welcome.js  (1ms)  (pid 7848)
Compiled application.js  (258ms)  (pid 7848)
Compiled application.css  (0ms)  (pid 7848)
Compiled jquery.js  (2ms)  (pid 7848)
Compiled jquery_ujs.js  (0ms)  (pid 7848)
Compiled album.js  (0ms)  (pid 7848)
Compiled contact.js  (178ms)  (pid 7848)
Compiled welcome.js  (0ms)  (pid 7848)
Compiled application.js  (216ms)  (pid 7848)
Compiled application.css  (0ms)  (pid 7848)
Compiled jquery.js  (3ms)  (pid 9185)
Compiled jquery_ujs.js  (1ms)  (pid 9185)
Compiled album.js  (0ms)  (pid 9185)
Compiled contact.js  (584ms)  (pid 9185)
Compiled welcome.js  (0ms)  (pid 9185)
Compiled application.js  (687ms)  (pid 9185)
Compiled application.css  (0ms)  (pid 9185)
Compiled jquery.js  (3ms)  (pid 9185)
Compiled jquery_ujs.js  (0ms)  (pid 9185)
Compiled album.js  (0ms)  (pid 9185)
Compiled contact.js  (194ms)  (pid 9185)
Compiled welcome.js  (0ms)  (pid 9185)
Compiled application.js  (245ms)  (pid 9185)
Compiled application.css  (0ms)  (pid 9185)
Compiled jquery.js  (3ms)  (pid 13695)
Compiled jquery_ujs.js  (0ms)  (pid 13695)
Compiled album.js  (0ms)  (pid 13695)
Compiled contact.js  (314ms)  (pid 13695)
Compiled welcome.js  (0ms)  (pid 13695)
Compiled application.js  (387ms)  (pid 13695)
Compiled application.css  (0ms)  (pid 13695)
Compiled jquery.js  (2ms)  (pid 13695)
Compiled jquery_ujs.js  (0ms)  (pid 13695)
Compiled album.js  (0ms)  (pid 13695)
Compiled contact.js  (175ms)  (pid 13695)
Compiled welcome.js  (0ms)  (pid 13695)
Compiled application.js  (225ms)  (pid 13695)
Compiled application.css  (0ms)  (pid 13695)
